\BOOKMARK [1][-]{section.1}{\376\377\000I\000n\000t\000r\000o\000d\000u\000c\000t\000i\000o\000n}{}% 1
\BOOKMARK [2][-]{subsection.1.1}{\376\377\000P\000r\000o\000j\000e\000c\000t\000\040\000a\000i\000m\000s}{section.1}% 2
\BOOKMARK [1][-]{section.2}{\376\377\000T\000h\000e\000\040\000p\000l\000a\000n}{}% 3
\BOOKMARK [1][-]{section.3}{\376\377\000B\000l\000e\000n\000d\000e\000r\000\040\000i\000m\000p\000l\000e\000m\000e\000n\000t\000a\000t\000i\000o\000n}{}% 4
\BOOKMARK [2][-]{subsection.3.1}{\376\377\000M\000o\000d\000e\000l\000l\000i\000n\000g\000,\000\040\000t\000e\000x\000t\000u\000r\000e\000s\000,\000\040\000a\000n\000d\000\040\000s\000h\000a\000d\000i\000n\000g}{section.3}% 5
\BOOKMARK [3][-]{subsubsection.3.1.1}{\376\377\000N\000o\000d\000e\000s}{subsection.3.1}% 6
\BOOKMARK [3][-]{subsubsection.3.1.2}{\376\377\000S\000h\000a\000d\000e\000r\000s}{subsection.3.1}% 7
\BOOKMARK [3][-]{subsubsection.3.1.3}{\376\377\000P\000i\000e\000c\000e\000s}{subsection.3.1}% 8
\BOOKMARK [3][-]{subsubsection.3.1.4}{\376\377\000B\000o\000a\000r\000d}{subsection.3.1}% 9
\BOOKMARK [2][-]{subsection.3.2}{\376\377\000P\000a\000r\000t\000i\000c\000l\000e\000\040\000e\000f\000f\000e\000c\000t\000s}{section.3}% 10
\BOOKMARK [3][-]{subsubsection.3.2.1}{\376\377\000E\000x\000p\000l\000o\000s\000i\000o\000n\000s}{subsection.3.2}% 11
\BOOKMARK [3][-]{subsubsection.3.2.2}{\376\377\000C\000o\000n\000f\000e\000t\000t\000i}{subsection.3.2}% 12
\BOOKMARK [2][-]{subsection.3.3}{\376\377\000L\000i\000g\000h\000t\000i\000n\000g}{section.3}% 13
\BOOKMARK [3][-]{subsubsection.3.3.1}{\376\377\000D\000i\000r\000e\000c\000t}{subsection.3.3}% 14
\BOOKMARK [3][-]{subsubsection.3.3.2}{\376\377\000I\000n\000d\000i\000r\000e\000c\000t}{subsection.3.3}% 15
\BOOKMARK [3][-]{subsubsection.3.3.3}{\376\377\000D\000i\000s\000c\000o\000\040\000b\000a\000l\000l}{subsection.3.3}% 16
\BOOKMARK [2][-]{subsection.3.4}{\376\377\000R\000e\000n\000d\000e\000r\000\040\000e\000n\000g\000i\000n\000e}{section.3}% 17
\BOOKMARK [3][-]{subsubsection.3.4.1}{\376\377\000E\000e\000v\000e\000e}{subsection.3.4}% 18
\BOOKMARK [3][-]{subsubsection.3.4.2}{\376\377\000C\000y\000c\000l\000e\000s}{subsection.3.4}% 19
\BOOKMARK [3][-]{subsubsection.3.4.3}{\376\377\000L\000u\000x\000c\000o\000r\000e}{subsection.3.4}% 20
\BOOKMARK [3][-]{subsubsection.3.4.4}{\376\377\000T\000r\000a\000g\000e\000d\000y\000\040\000-\000\040\0002\0002\000:\0002\0000\000,\000\040\0000\0001\000/\000J\000u\000n\000e\000/\0002\0000\0002\0001}{subsection.3.4}% 21
\BOOKMARK [1][-]{section.4}{\376\377\000P\000y\000t\000h\000o\000n\000\040\000i\000m\000p\000l\000e\000m\000e\000n\000t\000a\000t\000i\000o\000n}{}% 22
\BOOKMARK [2][-]{subsection.4.1}{\376\377\000P\000r\000o\000c\000e\000s\000s\000i\000n\000g\000\040\000g\000a\000m\000e\000s}{section.4}% 23
\BOOKMARK [2][-]{subsection.4.2}{\376\377\000P\000a\000i\000r\000i\000n\000g\000\040\000p\000r\000o\000b\000l\000e\000m}{section.4}% 24
\BOOKMARK [2][-]{subsection.4.3}{\376\377\000T\000h\000e\000\040\000s\000o\000l\000u\000t\000i\000o\000n}{section.4}% 25
\BOOKMARK [2][-]{subsection.4.4}{\376\377\000A\000r\000r\000a\000y\000\040\000i\000n\000d\000e\000x\000\040\000t\000o\000\040\000w\000o\000r\000l\000d\000\040\000s\000p\000a\000c\000e}{section.4}% 26
\BOOKMARK [3][-]{subsubsection.4.4.1}{\376\377\000A\000b\000u\000s\000e\000\040\000o\000f\000\040\000t\000h\000i\000s\000\040\000f\000u\000n\000c\000t\000i\000o\000n\000a\000l\000i\000t\000y}{subsection.4.4}% 27
\BOOKMARK [2][-]{subsection.4.5}{\376\377\000S\000p\000e\000c\000i\000a\000l\000\040\000m\000o\000v\000e\000s}{section.4}% 28
\BOOKMARK [3][-]{subsubsection.4.5.1}{\376\377\000C\000a\000s\000t\000l\000i\000n\000g}{subsection.4.5}% 29
\BOOKMARK [3][-]{subsubsection.4.5.2}{\376\377\000E\000n\000\040\000p\000a\000s\000s\000a\000n\000t}{subsection.4.5}% 30
\BOOKMARK [3][-]{subsubsection.4.5.3}{\376\377\000P\000r\000o\000m\000o\000t\000i\000o\000n}{subsection.4.5}% 31
\BOOKMARK [2][-]{subsection.4.6}{\376\377\000A\000n\000i\000m\000a\000t\000i\000o\000n}{section.4}% 32
\BOOKMARK [3][-]{subsubsection.4.6.1}{\376\377\000K\000e\000y\000\040\000f\000r\000a\000m\000e\000s}{subsection.4.6}% 33
\BOOKMARK [3][-]{subsubsection.4.6.2}{\376\377\000I\000n\000t\000e\000r\000p\000o\000l\000a\000t\000i\000o\000n}{subsection.4.6}% 34
\BOOKMARK [2][-]{subsection.4.7}{\376\377\000R\000e\000p\000r\000o\000d\000u\000c\000i\000b\000i\000l\000i\000t\000y}{section.4}% 35
\BOOKMARK [3][-]{subsubsection.4.7.1}{\376\377\000P\000y\000t\000h\000o\000n\000\040\000e\000n\000v\000i\000r\000o\000n\000m\000e\000n\000t}{subsection.4.7}% 36
\BOOKMARK [1][-]{section.5}{\376\377\000R\000e\000s\000u\000l\000t\000s}{}% 37
\BOOKMARK [1][-]{section.6}{\376\377\000E\000v\000a\000l\000u\000a\000t\000i\000o\000n}{}% 38
\BOOKMARK [1][-]{section.7}{\376\377\000A\000p\000p\000e\000n\000d\000i\000x}{}% 39
